# JRE version: OpenJDK Runtime Environment (8.0_152-b01) (build 1.8.0_152-release-915-b01)
# Java VM: OpenJDK 64-Bit Server VM (25.152-b01 mixed mode windows-amd64 compressed oops)
Heap:
 PSYoungGen      total 239104K, used 102763K [0x00000000e0000000, 0x00000000f0b80000, 0x0000000100000000)
  eden space 204288K, 39% used [0x00000000e0000000,0x00000000e4fb9c28,0x00000000ec780000)
  from space 34816K, 60% used [0x00000000ec780000,0x00000000edc21278,0x00000000ee980000)
  to   space 19456K, 0% used [0x00000000eeb00000,0x00000000eeb00000,0x00000000efe00000)
 ParOldGen       total 144896K, used 101746K [0x00000000a0000000, 0x00000000a8d80000, 0x00000000e0000000)
  object space 144896K, 70% used [0x00000000a0000000,0x00000000a635ca00,0x00000000a8d80000)
 Metaspace       used 62221K, capacity 64160K, committed 64344K, reserved 1105920K
  class space    used 8265K, capacity 8725K, committed 8832K, reserved 1048576K
GC Heap History (10 events):
Event: 39.618 GC heap before
{Heap before GC invocations=14 (full 2):
 PSYoungGen      total 135680K, used 135173K [0x00000000e0000000, 0x00000000eb980000, 0x0000000100000000)
  eden space 123392K, 100% used [0x00000000e0000000,0x00000000e7880000,0x00000000e7880000)
  from space 12288K, 95% used [0x00000000e7880000,0x00000000e84015b8,0x00000000e8480000)
  to   space 13824K, 0% used [0x00000000eac00000,0x00000000eac00000,0x00000000eb980000)
 ParOldGen       total 83456K, used 19405K [0x00000000a0000000, 0x00000000a5180000, 0x00000000e0000000)
  object space 83456K, 23% used [0x00000000a0000000,0x00000000a12f3660,0x00000000a5180000)
 Metaspace       used 52931K, capacity 54700K, committed 54872K, reserved 1097728K
  class space    used 7127K, capacity 7547K, committed 7552K, reserved 1048576K
Event: 39.657 GC heap after
Heap after GC invocations=14 (full 2):
 PSYoungGen      total 176128K, used 9371K [0x00000000e0000000, 0x00000000ebc80000, 0x0000000100000000)
  eden space 162304K, 0% used [0x00000000e0000000,0x00000000e0000000,0x00000000e9e80000)
  from space 13824K, 67% used [0x00000000eac00000,0x00000000eb526fb8,0x00000000eb980000)
  to   space 13824K, 0% used [0x00000000e9e80000,0x00000000e9e80000,0x00000000eac00000)
 ParOldGen       total 83456K, used 25496K [0x00000000a0000000, 0x00000000a5180000, 0x00000000e0000000)
  object space 83456K, 30% used [0x00000000a0000000,0x00000000a18e60c0,0x00000000a5180000)
 Metaspace       used 52931K, capacity 54700K, committed 54872K, reserved 1097728K
  class space    used 7127K, capacity 7547K, committed 7552K, reserved 1048576K
}
Event: 41.984 GC heap before
{Heap before GC invocations=15 (full 2):
 PSYoungGen      total 176128K, used 94302K [0x00000000e0000000, 0x00000000ebc80000, 0x0000000100000000)
  eden space 162304K, 52% used [0x00000000e0000000,0x00000000e52f0b28,0x00000000e9e80000)
  from space 13824K, 67% used [0x00000000eac00000,0x00000000eb526fb8,0x00000000eb980000)
  to   space 13824K, 0% used [0x00000000e9e80000,0x00000000e9e80000,0x00000000eac00000)
 ParOldGen       total 83456K, used 25496K [0x00000000a0000000, 0x00000000a5180000, 0x00000000e0000000)
  object space 83456K, 30% used [0x00000000a0000000,0x00000000a18e60c0,0x00000000a5180000)
 Metaspace       used 57135K, capacity 58870K, committed 59028K, reserved 1099776K
  class space    used 7667K, capacity 8128K, committed 8192K, reserved 1048576K
Event: 42.021 GC heap after
Heap after GC invocations=15 (full 2):
 PSYoungGen      total 176128K, used 13792K [0x00000000e0000000, 0x00000000efe00000, 0x0000000100000000)
  eden space 162304K, 0% used [0x00000000e0000000,0x00000000e0000000,0x00000000e9e80000)
  from space 13824K, 99% used [0x00000000e9e80000,0x00000000eabf8298,0x00000000eac00000)
  to   space 19456K, 0% used [0x00000000eeb00000,0x00000000eeb00000,0x00000000efe00000)
 ParOldGen       total 83456K, used 36630K [0x00000000a0000000, 0x00000000a5180000, 0x00000000e0000000)
  object space 83456K, 43% used [0x00000000a0000000,0x00000000a23c5b10,0x00000000a5180000)
 Metaspace       used 57135K, capacity 58870K, committed 59028K, reserved 1099776K
  class space    used 7667K, capacity 8128K, committed 8192K, reserved 1048576K
}
Event: 42.021 GC heap before
{Heap before GC invocations=16 (full 3):
 PSYoungGen      total 176128K, used 13792K [0x00000000e0000000, 0x00000000efe00000, 0x0000000100000000)
  eden space 162304K, 0% used [0x00000000e0000000,0x00000000e0000000,0x00000000e9e80000)
  from space 13824K, 99% used [0x00000000e9e80000,0x00000000eabf8298,0x00000000eac00000)
  to   space 19456K, 0% used [0x00000000eeb00000,0x00000000eeb00000,0x00000000efe00000)
 ParOldGen       total 83456K, used 36630K [0x00000000a0000000, 0x00000000a5180000, 0x00000000e0000000)
  object space 83456K, 43% used [0x00000000a0000000,0x00000000a23c5b10,0x00000000a5180000)
 Metaspace       used 57135K, capacity 58870K, committed 59028K, reserved 1099776K
  class space    used 7667K, capacity 8128K, committed 8192K, reserved 1048576K
Event: 42.484 GC heap after
Heap after GC invocations=16 (full 3):
 PSYoungGen      total 176128K, used 0K [0x00000000e0000000, 0x00000000efe00000, 0x0000000100000000)
  eden space 162304K, 0% used [0x00000000e0000000,0x00000000e0000000,0x00000000e9e80000)
  from space 13824K, 0% used [0x00000000e9e80000,0x00000000e9e80000,0x00000000eac00000)
  to   space 19456K, 0% used [0x00000000eeb00000,0x00000000eeb00000,0x00000000efe00000)
 ParOldGen       total 144896K, used 48956K [0x00000000a0000000, 0x00000000a8d80000, 0x00000000e0000000)
  object space 144896K, 33% used [0x00000000a0000000,0x00000000a2fcf350,0x00000000a8d80000)
 Metaspace       used 57135K, capacity 58870K, committed 59028K, reserved 1099776K
  class space    used 7667K, capacity 8128K, committed 8192K, reserved 1048576K
}
Event: 45.904 GC heap before
{Heap before GC invocations=17 (full 3):
 PSYoungGen      total 176128K, used 162304K [0x00000000e0000000, 0x00000000efe00000, 0x0000000100000000)
  eden space 162304K, 100% used [0x00000000e0000000,0x00000000e9e80000,0x00000000e9e80000)
  from space 13824K, 0% used [0x00000000e9e80000,0x00000000e9e80000,0x00000000eac00000)
  to   space 19456K, 0% used [0x00000000eeb00000,0x00000000eeb00000,0x00000000efe00000)
 ParOldGen       total 144896K, used 48956K [0x00000000a0000000, 0x00000000a8d80000, 0x00000000e0000000)
  object space 144896K, 33% used [0x00000000a0000000,0x00000000a2fcf350,0x00000000a8d80000)
 Metaspace       used 61438K, capacity 63356K, committed 63704K, reserved 1103872K
  class space    used 8158K, capacity 8597K, committed 8704K, reserved 1048576K
Event: 45.942 GC heap after
Heap after GC invocations=17 (full 3):
 PSYoungGen      total 223744K, used 19435K [0x00000000e0000000, 0x00000000f0b80000, 0x0000000100000000)
  eden space 204288K, 0% used [0x00000000e0000000,0x00000000e0000000,0x00000000ec780000)
  from space 19456K, 99% used [0x00000000eeb00000,0x00000000efdfac90,0x00000000efe00000)
  to   space 34816K, 0% used [0x00000000ec780000,0x00000000ec780000,0x00000000ee980000)
 ParOldGen       total 144896K, used 83182K [0x00000000a0000000, 0x00000000a8d80000, 0x00000000e0000000)
  object space 144896K, 57% used [0x00000000a0000000,0x00000000a513b960,0x00000000a8d80000)
 Metaspace       used 61438K, capacity 63356K, committed 63704K, reserved 1103872K
  class space    used 8158K, capacity 8597K, committed 8704K, reserved 1048576K
}
Event: 46.596 GC heap before
{Heap before GC invocations=18 (full 3):
 PSYoungGen      total 223744K, used 223723K [0x00000000e0000000, 0x00000000f0b80000, 0x0000000100000000)
  eden space 204288K, 100% used [0x00000000e0000000,0x00000000ec780000,0x00000000ec780000)
  from space 19456K, 99% used [0x00000000eeb00000,0x00000000efdfac90,0x00000000efe00000)
  to   space 34816K, 0% used [0x00000000ec780000,0x00000000ec780000,0x00000000ee980000)
 ParOldGen       total 144896K, used 83182K [0x00000000a0000000, 0x00000000a8d80000, 0x00000000e0000000)
  object space 144896K, 57% used [0x00000000a0000000,0x00000000a513b960,0x00000000a8d80000)
 Metaspace       used 61475K, capacity 63420K, committed 63704K, reserved 1103872K
  class space    used 8159K, capacity 8597K, committed 8704K, reserved 1048576K
Event: 46.629 GC heap after
Heap after GC invocations=18 (full 3):
 PSYoungGen      total 239104K, used 21124K [0x00000000e0000000, 0x00000000f0b80000, 0x0000000100000000)
  eden space 204288K, 0% used [0x00000000e0000000,0x00000000e0000000,0x00000000ec780000)
  from space 34816K, 60% used [0x00000000ec780000,0x00000000edc21278,0x00000000ee980000)
  to   space 19456K, 0% used [0x00000000eeb00000,0x00000000eeb00000,0x00000000efe00000)
 ParOldGen       total 144896K, used 101746K [0x00000000a0000000, 0x00000000a8d80000, 0x00000000e0000000)
  object space 144896K, 70% used [0x00000000a0000000,0x00000000a635ca00,0x00000000a8d80000)
 Metaspace       used 61475K, capacity 63420K, committed 63704K, reserved 1103872K
  class space    used 8159K, capacity 8597K, committed 8704K, reserved 1048576K
}

