Heap:
 PSYoungGen      total 428032K, used 162258K [0x00000000e0000000, 0x00000000fed00000, 0x0000000100000000)
  eden space 359424K, 38% used [0x00000000e0000000,0x00000000e872bd88,0x00000000f5f00000)
  from space 68608K, 34% used [0x00000000faa00000,0x00000000fc148d98,0x00000000fed00000)
  to   space 72704K, 0% used [0x00000000f5f00000,0x00000000f5f00000,0x00000000fa600000)
 ParOldGen       total 241664K, used 88179K [0x00000000a0000000, 0x00000000aec00000, 0x00000000e0000000)
  object space 241664K, 36% used [0x00000000a0000000,0x00000000a561cec0,0x00000000aec00000)
 Metaspace       used 81760K, capacity 86884K, committed 87256K, reserved 1124352K
  class space    used 10168K, capacity 11320K, committed 11520K, reserved 1048576K
GC Heap History (10 events):
Event: 4408.400 GC heap before
{Heap before GC invocations=36 (full 4):
 PSYoungGen      total 350208K, used 350143K [0x00000000e0000000, 0x00000000ffc80000, 0x0000000100000000)
  eden space 343552K, 100% used [0x00000000e0000000,0x00000000f4f80000,0x00000000f4f80000)
  from space 6656K, 99% used [0x00000000f4f80000,0x00000000f55efe20,0x00000000f5600000)
  to   space 88576K, 0% used [0x00000000fa600000,0x00000000fa600000,0x00000000ffc80000)
 ParOldGen       total 241664K, used 88147K [0x00000000a0000000, 0x00000000aec00000, 0x00000000e0000000)
  object space 241664K, 36% used [0x00000000a0000000,0x00000000a5614ec0,0x00000000aec00000)
 Metaspace       used 80601K, capacity 84994K, committed 85720K, reserved 1124352K
  class space    used 10016K, capacity 11005K, committed 11264K, reserved 1048576K
Event: 4408.411 GC heap after
Heap after GC invocations=36 (full 4):
 PSYoungGen      total 433664K, used 7231K [0x00000000e0000000, 0x0000000100000000, 0x0000000100000000)
  eden space 345088K, 0% used [0x00000000e0000000,0x00000000e0000000,0x00000000f5100000)
  from space 88576K, 8% used [0x00000000fa600000,0x00000000fad0fe20,0x00000000ffc80000)
  to   space 87040K, 0% used [0x00000000f5100000,0x00000000f5100000,0x00000000fa600000)
 ParOldGen       total 241664K, used 88155K [0x00000000a0000000, 0x00000000aec00000, 0x00000000e0000000)
  object space 241664K, 36% used [0x00000000a0000000,0x00000000a5616ec0,0x00000000aec00000)
 Metaspace       used 80601K, capacity 84994K, committed 85720K, reserved 1124352K
  class space    used 10016K, capacity 11005K, committed 11264K, reserved 1048576K
}
Event: 4591.178 GC heap before
{Heap before GC invocations=37 (full 4):
 PSYoungGen      total 433664K, used 352319K [0x00000000e0000000, 0x0000000100000000, 0x0000000100000000)
  eden space 345088K, 100% used [0x00000000e0000000,0x00000000f5100000,0x00000000f5100000)
  from space 88576K, 8% used [0x00000000fa600000,0x00000000fad0fe20,0x00000000ffc80000)
  to   space 87040K, 0% used [0x00000000f5100000,0x00000000f5100000,0x00000000fa600000)
 ParOldGen       total 241664K, used 88155K [0x00000000a0000000, 0x00000000aec00000, 0x00000000e0000000)
  object space 241664K, 36% used [0x00000000a0000000,0x00000000a5616ec0,0x00000000aec00000)
 Metaspace       used 80805K, capacity 85448K, committed 85976K, reserved 1124352K
  class space    used 10040K, capacity 11068K, committed 11264K, reserved 1048576K
Event: 4591.195 GC heap after
Heap after GC invocations=37 (full 4):
 PSYoungGen      total 432128K, used 7663K [0x00000000e0000000, 0x00000000ffa80000, 0x0000000100000000)
  eden space 345088K, 0% used [0x00000000e0000000,0x00000000e0000000,0x00000000f5100000)
  from space 87040K, 8% used [0x00000000f5100000,0x00000000f587be30,0x00000000fa600000)
  to   space 84992K, 0% used [0x00000000fa780000,0x00000000fa780000,0x00000000ffa80000)
 ParOldGen       total 241664K, used 88163K [0x00000000a0000000, 0x00000000aec00000, 0x00000000e0000000)
  object space 241664K, 36% used [0x00000000a0000000,0x00000000a5618ec0,0x00000000aec00000)
 Metaspace       used 80805K, capacity 85448K, committed 85976K, reserved 1124352K
  class space    used 10040K, capacity 11068K, committed 11264K, reserved 1048576K
}
Event: 4785.365 GC heap before
{Heap before GC invocations=38 (full 4):
 PSYoungGen      total 432128K, used 352751K [0x00000000e0000000, 0x00000000ffa80000, 0x0000000100000000)
  eden space 345088K, 100% used [0x00000000e0000000,0x00000000f5100000,0x00000000f5100000)
  from space 87040K, 8% used [0x00000000f5100000,0x00000000f587be30,0x00000000fa600000)
  to   space 84992K, 0% used [0x00000000fa780000,0x00000000fa780000,0x00000000ffa80000)
 ParOldGen       total 241664K, used 88163K [0x00000000a0000000, 0x00000000aec00000, 0x00000000e0000000)
  object space 241664K, 36% used [0x00000000a0000000,0x00000000a5618ec0,0x00000000aec00000)
 Metaspace       used 81048K, capacity 85834K, committed 86360K, reserved 1124352K
  class space    used 10064K, capacity 11131K, committed 11392K, reserved 1048576K
Event: 4785.377 GC heap after
Heap after GC invocations=38 (full 4):
 PSYoungGen      total 434688K, used 8351K [0x00000000e0000000, 0x00000000ff900000, 0x0000000100000000)
  eden space 351232K, 0% used [0x00000000e0000000,0x00000000e0000000,0x00000000f5700000)
  from space 83456K, 10% used [0x00000000fa780000,0x00000000fafa7e40,0x00000000ff900000)
  to   space 82432K, 0% used [0x00000000f5700000,0x00000000f5700000,0x00000000fa780000)
 ParOldGen       total 241664K, used 88171K [0x00000000a0000000, 0x00000000aec00000, 0x00000000e0000000)
  object space 241664K, 36% used [0x00000000a0000000,0x00000000a561aec0,0x00000000aec00000)
 Metaspace       used 81048K, capacity 85834K, committed 86360K, reserved 1124352K
  class space    used 10064K, capacity 11131K, committed 11392K, reserved 1048576K
}
Event: 4973.471 GC heap before
{Heap before GC invocations=39 (full 4):
 PSYoungGen      total 434688K, used 359583K [0x00000000e0000000, 0x00000000ff900000, 0x0000000100000000)
  eden space 351232K, 100% used [0x00000000e0000000,0x00000000f5700000,0x00000000f5700000)
  from space 83456K, 10% used [0x00000000fa780000,0x00000000fafa7e40,0x00000000ff900000)
  to   space 82432K, 0% used [0x00000000f5700000,0x00000000f5700000,0x00000000fa780000)
 ParOldGen       total 241664K, used 88171K [0x00000000a0000000, 0x00000000aec00000, 0x00000000e0000000)
  object space 241664K, 36% used [0x00000000a0000000,0x00000000a561aec0,0x00000000aec00000)
 Metaspace       used 81291K, capacity 86266K, committed 86616K, reserved 1124352K
  class space    used 10104K, capacity 11223K, committed 11392K, reserved 1048576K
Event: 4973.492 GC heap after
Heap after GC invocations=39 (full 4):
 PSYoungGen      total 433664K, used 18831K [0x00000000e0000000, 0x00000000ff600000, 0x0000000100000000)
  eden space 351232K, 0% used [0x00000000e0000000,0x00000000e0000000,0x00000000f5700000)
  from space 82432K, 22% used [0x00000000f5700000,0x00000000f6963e50,0x00000000fa780000)
  to   space 77824K, 0% used [0x00000000faa00000,0x00000000faa00000,0x00000000ff600000)
 ParOldGen       total 241664K, used 88179K [0x00000000a0000000, 0x00000000aec00000, 0x00000000e0000000)
  object space 241664K, 36% used [0x00000000a0000000,0x00000000a561cec0,0x00000000aec00000)
 Metaspace       used 81291K, capacity 86266K, committed 86616K, reserved 1124352K
  class space    used 10104K, capacity 11223K, committed 11392K, reserved 1048576K
}
Event: 5579.895 GC heap before
{Heap before GC invocations=40 (full 4):
 PSYoungGen      total 433664K, used 370063K [0x00000000e0000000, 0x00000000ff600000, 0x0000000100000000)
  eden space 351232K, 100% used [0x00000000e0000000,0x00000000f5700000,0x00000000f5700000)
  from space 82432K, 22% used [0x00000000f5700000,0x00000000f6963e50,0x00000000fa780000)
  to   space 77824K, 0% used [0x00000000faa00000,0x00000000faa00000,0x00000000ff600000)
 ParOldGen       total 241664K, used 88179K [0x00000000a0000000, 0x00000000aec00000, 0x00000000e0000000)
  object space 241664K, 36% used [0x00000000a0000000,0x00000000a561cec0,0x00000000aec00000)
 Metaspace       used 81712K, capacity 86820K, committed 87256K, reserved 1124352K
  class space    used 10166K, capacity 11320K, committed 11520K, reserved 1048576K
Event: 5579.941 GC heap after
Heap after GC invocations=40 (full 4):
 PSYoungGen      total 428032K, used 23843K [0x00000000e0000000, 0x00000000fed00000, 0x0000000100000000)
  eden space 359424K, 0% used [0x00000000e0000000,0x00000000e0000000,0x00000000f5f00000)
  from space 68608K, 34% used [0x00000000faa00000,0x00000000fc148d98,0x00000000fed00000)
  to   space 72704K, 0% used [0x00000000f5f00000,0x00000000f5f00000,0x00000000fa600000)
 ParOldGen       total 241664K, used 88179K [0x00000000a0000000, 0x00000000aec00000, 0x00000000e0000000)
  object space 241664K, 36% used [0x00000000a0000000,0x00000000a561cec0,0x00000000aec00000)
 Metaspace       used 81712K, capacity 86820K, committed 87256K, reserved 1124352K
  class space    used 10166K, capacity 11320K, committed 11520K, reserved 1048576K
}

